<?xml version="1.0" encoding="UTF-8"?>
<!-- Generated by org.testng.reporters.JUnitReportReporter -->
<testsuite hostname="hydlap28" failures="0" tests="2" name="com.testNg.Flipkart" time="3.367" errors="0" timestamp="2022-07-19T10:32:43 IST" skipped="0">
  <testcase classname="com.testNg.Flipkart" name="VisitAmazon" time="3.353"/>
  <system-out/>
  <testcase classname="com.testNg.Flipkart" name="ValidatePageTitle" time="0.014"/>
  <system-out/>
</testsuite> <!-- com.testNg.Flipkart -->
