<?xml version="1.0" encoding="UTF-8"?>
<!-- Generated by org.testng.reporters.JUnitReportReporter -->
<testsuite hostname="hydlap28" failures="0" tests="2" name="com.testNg.testngAlerts" time="21.463" errors="0" timestamp="2022-07-19T11:14:24 IST" skipped="0">
  <testcase classname="com.testNg.testngAlerts" name="LoadingDemoQaAlertsPage" time="15.991"/>
  <system-out/>
  <testcase classname="com.testNg.testngAlerts" name="ValidateAlertsInsideDemoQA" time="5.472"/>
  <system-out/>
</testsuite> <!-- com.testNg.testngAlerts -->
