<?xml version="1.0" encoding="UTF-8"?>
<!-- Generated by org.testng.reporters.JUnitReportReporter -->
<testsuite hostname="hydlap28" failures="0" tests="2" name="com.testNg.DropDown" time="4.640" errors="0" timestamp="2022-07-26T12:10:48 IST" skipped="0">
  <testcase classname="com.testNg.DropDown" name="ValidatetitleofHyrTutorials" time="3.941"/>
  <system-out/>
  <testcase classname="com.testNg.DropDown" name="ValidateDropDownAvailable" time="0.699"/>
  <system-out/>
</testsuite> <!-- com.testNg.DropDown -->
