<?xml version="1.0" encoding="UTF-8"?>
<!-- Generated by org.testng.reporters.JUnitReportReporter -->
<testsuite hostname="hydlap28" failures="0" tests="4" name="com.testNg.MouseOperation" time="34.811" errors="0" timestamp="2022-07-26T12:09:24 IST" skipped="0">
  <testcase classname="com.testNg.MouseOperation" name="ValidateLoadingTheJQueryPage" time="1.237"/>
  <system-out/>
  <testcase classname="com.testNg.MouseOperation" name="ValidateRightClick" time="0.430"/>
  <system-out/>
  <testcase classname="com.testNg.MouseOperation" name="ValidateDoubleClick" time="19.336"/>
  <system-out/>
  <testcase classname="com.testNg.MouseOperation" name="ValidateDragAndDrop" time="13.808"/>
  <system-out/>
</testsuite> <!-- com.testNg.MouseOperation -->
